/g100/home/userexternal/palfi000/.env_3.8/lib/python3.8/site-packages/skimage/io/manage_plugins.py:23: UserWarning: Your installed pillow version is < 8.1.2. Several security issues (CVE-2021-27921, CVE-2021-25290, CVE-2021-25291, CVE-2021-25293, and more) have been fixed in pillow 8.1.2 or higher. We recommend to upgrade this library.
  from .collection import imread_collection_wrapper
/g100/home/userexternal/palfi000/.env_3.8/lib/python3.8/site-packages/ray/tune/callback.py:217: FutureWarning: Please update `setup` method in callback `<class 'ray.tune.integration.wandb.WandbLoggerCallback'>` to match the method signature in `ray.tune.callback.Callback`.
  warnings.warn(
Traceback (most recent call last):
  File "/g100/home/userexternal/palfi000/.env_3.8/lib/python3.8/site-packages/ray/tune/callback.py", line 214, in setup
    callback.setup(**info)
TypeError: setup() got an unexpected keyword argument 'stop'

During handling of the above exception, another exception occurred:

Traceback (most recent call last):
  File "/g100/home/userexternal/palfi000/ucl-thesis-main/abides-gym/scripts/dqn_train_intel.py", line 23, in <module>
    tune.run(
  File "/g100/home/userexternal/palfi000/.env_3.8/lib/python3.8/site-packages/ray/tune/tune.py", line 549, in run
    runner.setup_experiments(
  File "/g100/home/userexternal/palfi000/.env_3.8/lib/python3.8/site-packages/ray/tune/trial_runner.py", line 350, in setup_experiments
    self._callbacks.setup(**spec)
  File "/g100/home/userexternal/palfi000/.env_3.8/lib/python3.8/site-packages/ray/tune/callback.py", line 221, in setup
    callback.setup()
  File "/g100/home/userexternal/palfi000/.env_3.8/lib/python3.8/site-packages/ray/tune/integration/wandb.py", line 315, in setup
    _set_api_key(self.api_key_file, self.api_key)
  File "/g100/home/userexternal/palfi000/.env_3.8/lib/python3.8/site-packages/ray/tune/integration/wandb.py", line 174, in _set_api_key
    raise ValueError(
ValueError: No WandB API key found. Either set the WANDB_API_KEY environment variable, pass `api_key` or `api_key_file` to the`WandbLoggerCallback` class as arguments, or run `wandb login` from the command line
